<?xml version="1.0" encoding="UTF-8"?>
<testsuite xmlns:xsi="http://www.w3.org/2001/XMLSchema-instance" xsi:noNamespaceSchemaLocation="https://maven.apache.org/surefire/maven-surefire-plugin/xsd/surefire-test-report.xsd" name="org.shacl.validator.shacl_processor.MyProcessorTest" time="0.932" tests="1" errors="0" skipped="0" failures="0">
  <properties>
    <property name="sun.desktop" value="windows"/>
    <property name="awt.toolkit" value="sun.awt.windows.WToolkit"/>
    <property name="file.encoding.pkg" value="sun.io"/>
    <property name="java.specification.version" value="1.8"/>
    <property name="sun.cpu.isalist" value="amd64"/>
    <property name="sun.jnu.encoding" value="Cp1252"/>
    <property name="java.class.path" value="C:\Users\stanie\eclipse-workspace2\shacl-processor\nifi-shacl-processors\target\test-classes;C:\Users\stanie\eclipse-workspace2\shacl-processor\nifi-shacl-processors\target\classes;C:\Users\stanie\.m2\repository\org\apache\nifi\nifi-api\1.8.0\nifi-api-1.8.0.jar;C:\Users\stanie\.m2\repository\org\apache\nifi\nifi-utils\1.8.0\nifi-utils-1.8.0.jar;C:\Users\stanie\.m2\repository\org\apache\nifi\nifi-mock\1.8.0\nifi-mock-1.8.0.jar;C:\Users\stanie\.m2\repository\org\apache\nifi\nifi-framework-api\1.8.0\nifi-framework-api-1.8.0.jar;C:\Users\stanie\.m2\repository\org\apache\nifi\nifi-expression-language\1.8.0\nifi-expression-language-1.8.0.jar;C:\Users\stanie\.m2\repository\org\antlr\antlr-runtime\3.5.2\antlr-runtime-3.5.2.jar;C:\Users\stanie\.m2\repository\com\jayway\jsonpath\json-path\2.4.0\json-path-2.4.0.jar;C:\Users\stanie\.m2\repository\net\minidev\json-smart\2.3\json-smart-2.3.jar;C:\Users\stanie\.m2\repository\net\minidev\accessors-smart\1.2\accessors-smart-1.2.jar;C:\Users\stanie\.m2\repository\org\ow2\asm\asm\5.0.4\asm-5.0.4.jar;C:\Users\stanie\.m2\repository\com\fasterxml\jackson\core\jackson-databind\2.9.7\jackson-databind-2.9.7.jar;C:\Users\stanie\.m2\repository\com\fasterxml\jackson\core\jackson-annotations\2.9.0\jackson-annotations-2.9.0.jar;C:\Users\stanie\.m2\repository\org\apache\commons\commons-text\1.4\commons-text-1.4.jar;C:\Users\stanie\.m2\repository\org\apache\nifi\nifi-data-provenance-utils\1.8.0\nifi-data-provenance-utils-1.8.0.jar;C:\Users\stanie\.m2\repository\org\apache\nifi\nifi-security-utils\1.8.0\nifi-security-utils-1.8.0.jar;C:\Users\stanie\.m2\repository\org\bouncycastle\bcpkix-jdk15on\1.60\bcpkix-jdk15on-1.60.jar;C:\Users\stanie\.m2\repository\de\svenkubiak\jBCrypt\0.4.1\jBCrypt-0.4.1.jar;C:\Users\stanie\.m2\repository\org\bouncycastle\bcprov-jdk15on\1.60\bcprov-jdk15on-1.60.jar;C:\Users\stanie\.m2\repository\org\apache\nifi\nifi-properties-loader\1.8.0\nifi-properties-loader-1.8.0.jar;C:\Users\stanie\.m2\repository\ch\qos\logback\logback-classic\1.2.3\logback-classic-1.2.3.jar;C:\Users\stanie\.m2\repository\ch\qos\logback\logback-core\1.2.3\logback-core-1.2.3.jar;C:\Users\stanie\.m2\repository\org\apache\nifi\nifi-properties\1.8.0\nifi-properties-1.8.0.jar;C:\Users\stanie\.m2\repository\org\slf4j\slf4j-simple\1.7.25\slf4j-simple-1.7.25.jar;C:\Users\stanie\.m2\repository\org\slf4j\slf4j-api\1.7.25\slf4j-api-1.7.25.jar;C:\Users\stanie\.m2\repository\junit\junit\4.12\junit-4.12.jar;C:\Users\stanie\.m2\repository\org\hamcrest\hamcrest-core\1.3\hamcrest-core-1.3.jar;C:\Users\stanie\.m2\repository\org\topbraid\shacl\1.1.0\shacl-1.1.0.jar;C:\Users\stanie\.m2\repository\org\apache\tika\tika-core\1.19.1\tika-core-1.19.1.jar;C:\Users\stanie\.m2\repository\org\semarglproject\semargl-rdfa\0.7\semargl-rdfa-0.7.jar;C:\Users\stanie\.m2\repository\org\semarglproject\semargl-core\0.7\semargl-core-0.7.jar;C:\Users\stanie\.m2\repository\org\semarglproject\semargl-rdf\0.7\semargl-rdf-0.7.jar;C:\Users\stanie\.m2\repository\nu\validator\htmlparser\1.4.3\htmlparser-1.4.3.jar;C:\Users\stanie\.m2\repository\org\apache\jena\jena-arq\3.10.0\jena-arq-3.10.0.jar;C:\Users\stanie\.m2\repository\org\apache\jena\jena-core\3.10.0\jena-core-3.10.0.jar;C:\Users\stanie\.m2\repository\org\apache\jena\jena-iri\3.10.0\jena-iri-3.10.0.jar;C:\Users\stanie\.m2\repository\commons-cli\commons-cli\1.4\commons-cli-1.4.jar;C:\Users\stanie\.m2\repository\commons-codec\commons-codec\1.11\commons-codec-1.11.jar;C:\Users\stanie\.m2\repository\org\apache\jena\jena-base\3.10.0\jena-base-3.10.0.jar;C:\Users\stanie\.m2\repository\org\apache\commons\commons-csv\1.5\commons-csv-1.5.jar;C:\Users\stanie\.m2\repository\org\apache\commons\commons-compress\1.17\commons-compress-1.17.jar;C:\Users\stanie\.m2\repository\com\github\andrewoma\dexx\collection\0.7\collection-0.7.jar;C:\Users\stanie\.m2\repository\org\apache\jena\jena-shaded-guava\3.10.0\jena-shaded-guava-3.10.0.jar;C:\Users\stanie\.m2\repository\org\apache\httpcomponents\httpclient\4.5.5\httpclient-4.5.5.jar;C:\Users\stanie\.m2\repository\org\apache\httpcomponents\httpcore\4.4.9\httpcore-4.4.9.jar;C:\Users\stanie\.m2\repository\com\github\jsonld-java\jsonld-java\0.12.1\jsonld-java-0.12.1.jar;C:\Users\stanie\.m2\repository\com\fasterxml\jackson\core\jackson-core\2.9.6\jackson-core-2.9.6.jar;C:\Users\stanie\.m2\repository\commons-io\commons-io\2.6\commons-io-2.6.jar;C:\Users\stanie\.m2\repository\org\apache\httpcomponents\httpclient-cache\4.5.5\httpclient-cache-4.5.5.jar;C:\Users\stanie\.m2\repository\org\apache\thrift\libthrift\0.10.0\libthrift-0.10.0.jar;C:\Users\stanie\.m2\repository\org\slf4j\jcl-over-slf4j\1.7.25\jcl-over-slf4j-1.7.25.jar;C:\Users\stanie\.m2\repository\org\apache\commons\commons-lang3\3.4\commons-lang3-3.4.jar;C:\Users\stanie\.m2\repository\org\mockito\mockito-core\1.10.19\mockito-core-1.10.19.jar;C:\Users\stanie\.m2\repository\org\objenesis\objenesis\2.1\objenesis-2.1.jar;C:\Users\stanie\.m2\repository\org\codehaus\groovy\groovy-all\2.4.13\groovy-all-2.4.13.jar;"/>
    <property name="java.vm.vendor" value="Oracle Corporation"/>
    <property name="sun.arch.data.model" value="64"/>
    <property name="user.variant" value=""/>
    <property name="java.vendor.url" value="http://java.oracle.com/"/>
    <property name="user.timezone" value=""/>
    <property name="java.vm.specification.version" value="1.8"/>
    <property name="os.name" value="Windows 10"/>
    <property name="user.country" value="GB"/>
    <property name="sun.java.launcher" value="SUN_STANDARD"/>
    <property name="sun.boot.library.path" value="C:\Program Files\Java\jdk1.8.0_191\jre\bin"/>
    <property name="sun.java.command" value="C:\Users\stanie\AppData\Local\Temp\surefire643758223848731464\surefirebooter7347449389822144817.jar C:\Users\stanie\AppData\Local\Temp\surefire643758223848731464 2019-03-19T16-52-28_619-jvmRun1 surefire1439186451648672875tmp surefire_08810207706688038138tmp"/>
    <property name="surefire.test.class.path" value="C:\Users\stanie\eclipse-workspace2\shacl-processor\nifi-shacl-processors\target\test-classes;C:\Users\stanie\eclipse-workspace2\shacl-processor\nifi-shacl-processors\target\classes;C:\Users\stanie\.m2\repository\org\apache\nifi\nifi-api\1.8.0\nifi-api-1.8.0.jar;C:\Users\stanie\.m2\repository\org\apache\nifi\nifi-utils\1.8.0\nifi-utils-1.8.0.jar;C:\Users\stanie\.m2\repository\org\apache\nifi\nifi-mock\1.8.0\nifi-mock-1.8.0.jar;C:\Users\stanie\.m2\repository\org\apache\nifi\nifi-framework-api\1.8.0\nifi-framework-api-1.8.0.jar;C:\Users\stanie\.m2\repository\org\apache\nifi\nifi-expression-language\1.8.0\nifi-expression-language-1.8.0.jar;C:\Users\stanie\.m2\repository\org\antlr\antlr-runtime\3.5.2\antlr-runtime-3.5.2.jar;C:\Users\stanie\.m2\repository\com\jayway\jsonpath\json-path\2.4.0\json-path-2.4.0.jar;C:\Users\stanie\.m2\repository\net\minidev\json-smart\2.3\json-smart-2.3.jar;C:\Users\stanie\.m2\repository\net\minidev\accessors-smart\1.2\accessors-smart-1.2.jar;C:\Users\stanie\.m2\repository\org\ow2\asm\asm\5.0.4\asm-5.0.4.jar;C:\Users\stanie\.m2\repository\com\fasterxml\jackson\core\jackson-databind\2.9.7\jackson-databind-2.9.7.jar;C:\Users\stanie\.m2\repository\com\fasterxml\jackson\core\jackson-annotations\2.9.0\jackson-annotations-2.9.0.jar;C:\Users\stanie\.m2\repository\org\apache\commons\commons-text\1.4\commons-text-1.4.jar;C:\Users\stanie\.m2\repository\org\apache\nifi\nifi-data-provenance-utils\1.8.0\nifi-data-provenance-utils-1.8.0.jar;C:\Users\stanie\.m2\repository\org\apache\nifi\nifi-security-utils\1.8.0\nifi-security-utils-1.8.0.jar;C:\Users\stanie\.m2\repository\org\bouncycastle\bcpkix-jdk15on\1.60\bcpkix-jdk15on-1.60.jar;C:\Users\stanie\.m2\repository\de\svenkubiak\jBCrypt\0.4.1\jBCrypt-0.4.1.jar;C:\Users\stanie\.m2\repository\org\bouncycastle\bcprov-jdk15on\1.60\bcprov-jdk15on-1.60.jar;C:\Users\stanie\.m2\repository\org\apache\nifi\nifi-properties-loader\1.8.0\nifi-properties-loader-1.8.0.jar;C:\Users\stanie\.m2\repository\ch\qos\logback\logback-classic\1.2.3\logback-classic-1.2.3.jar;C:\Users\stanie\.m2\repository\ch\qos\logback\logback-core\1.2.3\logback-core-1.2.3.jar;C:\Users\stanie\.m2\repository\org\apache\nifi\nifi-properties\1.8.0\nifi-properties-1.8.0.jar;C:\Users\stanie\.m2\repository\org\slf4j\slf4j-simple\1.7.25\slf4j-simple-1.7.25.jar;C:\Users\stanie\.m2\repository\org\slf4j\slf4j-api\1.7.25\slf4j-api-1.7.25.jar;C:\Users\stanie\.m2\repository\junit\junit\4.12\junit-4.12.jar;C:\Users\stanie\.m2\repository\org\hamcrest\hamcrest-core\1.3\hamcrest-core-1.3.jar;C:\Users\stanie\.m2\repository\org\topbraid\shacl\1.1.0\shacl-1.1.0.jar;C:\Users\stanie\.m2\repository\org\apache\tika\tika-core\1.19.1\tika-core-1.19.1.jar;C:\Users\stanie\.m2\repository\org\semarglproject\semargl-rdfa\0.7\semargl-rdfa-0.7.jar;C:\Users\stanie\.m2\repository\org\semarglproject\semargl-core\0.7\semargl-core-0.7.jar;C:\Users\stanie\.m2\repository\org\semarglproject\semargl-rdf\0.7\semargl-rdf-0.7.jar;C:\Users\stanie\.m2\repository\nu\validator\htmlparser\1.4.3\htmlparser-1.4.3.jar;C:\Users\stanie\.m2\repository\org\apache\jena\jena-arq\3.10.0\jena-arq-3.10.0.jar;C:\Users\stanie\.m2\repository\org\apache\jena\jena-core\3.10.0\jena-core-3.10.0.jar;C:\Users\stanie\.m2\repository\org\apache\jena\jena-iri\3.10.0\jena-iri-3.10.0.jar;C:\Users\stanie\.m2\repository\commons-cli\commons-cli\1.4\commons-cli-1.4.jar;C:\Users\stanie\.m2\repository\commons-codec\commons-codec\1.11\commons-codec-1.11.jar;C:\Users\stanie\.m2\repository\org\apache\jena\jena-base\3.10.0\jena-base-3.10.0.jar;C:\Users\stanie\.m2\repository\org\apache\commons\commons-csv\1.5\commons-csv-1.5.jar;C:\Users\stanie\.m2\repository\org\apache\commons\commons-compress\1.17\commons-compress-1.17.jar;C:\Users\stanie\.m2\repository\com\github\andrewoma\dexx\collection\0.7\collection-0.7.jar;C:\Users\stanie\.m2\repository\org\apache\jena\jena-shaded-guava\3.10.0\jena-shaded-guava-3.10.0.jar;C:\Users\stanie\.m2\repository\org\apache\httpcomponents\httpclient\4.5.5\httpclient-4.5.5.jar;C:\Users\stanie\.m2\repository\org\apache\httpcomponents\httpcore\4.4.9\httpcore-4.4.9.jar;C:\Users\stanie\.m2\repository\com\github\jsonld-java\jsonld-java\0.12.1\jsonld-java-0.12.1.jar;C:\Users\stanie\.m2\repository\com\fasterxml\jackson\core\jackson-core\2.9.6\jackson-core-2.9.6.jar;C:\Users\stanie\.m2\repository\commons-io\commons-io\2.6\commons-io-2.6.jar;C:\Users\stanie\.m2\repository\org\apache\httpcomponents\httpclient-cache\4.5.5\httpclient-cache-4.5.5.jar;C:\Users\stanie\.m2\repository\org\apache\thrift\libthrift\0.10.0\libthrift-0.10.0.jar;C:\Users\stanie\.m2\repository\org\slf4j\jcl-over-slf4j\1.7.25\jcl-over-slf4j-1.7.25.jar;C:\Users\stanie\.m2\repository\org\apache\commons\commons-lang3\3.4\commons-lang3-3.4.jar;C:\Users\stanie\.m2\repository\org\mockito\mockito-core\1.10.19\mockito-core-1.10.19.jar;C:\Users\stanie\.m2\repository\org\objenesis\objenesis\2.1\objenesis-2.1.jar;C:\Users\stanie\.m2\repository\org\codehaus\groovy\groovy-all\2.4.13\groovy-all-2.4.13.jar;"/>
    <property name="sun.cpu.endian" value="little"/>
    <property name="user.home" value="C:\Users\stanie"/>
    <property name="user.language" value="en"/>
    <property name="java.specification.vendor" value="Oracle Corporation"/>
    <property name="java.home" value="C:\Program Files\Java\jdk1.8.0_191\jre"/>
    <property name="basedir" value="C:\Users\stanie\eclipse-workspace2\shacl-processor\nifi-shacl-processors"/>
    <property name="file.separator" value="\"/>
    <property name="line.separator" value="&#10;"/>
    <property name="java.vm.specification.vendor" value="Oracle Corporation"/>
    <property name="java.specification.name" value="Java Platform API Specification"/>
    <property name="java.awt.graphicsenv" value="sun.awt.Win32GraphicsEnvironment"/>
    <property name="java.awt.headless" value="true"/>
    <property name="surefire.real.class.path" value="C:\Users\stanie\AppData\Local\Temp\surefire643758223848731464\surefirebooter7347449389822144817.jar"/>
    <property name="sun.boot.class.path" value="C:\Program Files\Java\jdk1.8.0_191\jre\lib\resources.jar;C:\Program Files\Java\jdk1.8.0_191\jre\lib\rt.jar;C:\Program Files\Java\jdk1.8.0_191\jre\lib\sunrsasign.jar;C:\Program Files\Java\jdk1.8.0_191\jre\lib\jsse.jar;C:\Program Files\Java\jdk1.8.0_191\jre\lib\jce.jar;C:\Program Files\Java\jdk1.8.0_191\jre\lib\charsets.jar;C:\Program Files\Java\jdk1.8.0_191\jre\lib\jfr.jar;C:\Program Files\Java\jdk1.8.0_191\jre\classes"/>
    <property name="user.script" value=""/>
    <property name="sun.management.compiler" value="HotSpot 64-Bit Tiered Compilers"/>
    <property name="java.runtime.version" value="1.8.0_191-b12"/>
    <property name="java.net.preferIPv4Stack" value="true"/>
    <property name="user.name" value="stanie"/>
    <property name="path.separator" value=";"/>
    <property name="os.version" value="10.0"/>
    <property name="java.endorsed.dirs" value="C:\Program Files\Java\jdk1.8.0_191\jre\lib\endorsed"/>
    <property name="java.runtime.name" value="Java(TM) SE Runtime Environment"/>
    <property name="file.encoding" value="UTF-8"/>
    <property name="java.vm.name" value="Java HotSpot(TM) 64-Bit Server VM"/>
    <property name="localRepository" value="C:\Users\stanie\.m2\repository"/>
    <property name="java.vendor.url.bug" value="http://bugreport.sun.com/bugreport/"/>
    <property name="java.io.tmpdir" value="C:\Users\stanie\AppData\Local\Temp\"/>
    <property name="java.version" value="1.8.0_191"/>
    <property name="user.dir" value="C:\Users\stanie\eclipse-workspace2\shacl-processor\nifi-shacl-processors"/>
    <property name="os.arch" value="amd64"/>
    <property name="java.vm.specification.name" value="Java Virtual Machine Specification"/>
    <property name="java.awt.printerjob" value="sun.awt.windows.WPrinterJob"/>
    <property name="sun.os.patch.level" value=""/>
    <property name="java.library.path" value="C:\Program Files\Java\jdk1.8.0_191\jre\bin;C:\WINDOWS\Sun\Java\bin;C:\WINDOWS\system32;C:\WINDOWS;C:\Program Files (x86)\Common Files\Oracle\Java\javapath;C:\ProgramData\Oracle\Java\javapath;C:\windows\system32;C:\windows;C:\windows\System32\Wbem;C:\windows\System32\WindowsPowerShell\v1.0\;C:\Program Files (x86)\IBM\Notes\;C:\Program Files\WinZip\;C:\Program Files\Microsoft SQL Server\Client SDK\ODBC\110\Tools\Binn\;C:\Program Files (x86)\Microsoft SQL Server\120\Tools\Binn\;C:\Program Files\Microsoft SQL Server\120\Tools\Binn\;C:\Program Files\Microsoft SQL Server\120\DTS\Binn\;C:\Program Files (x86)\ConfigMgr 2012 Toolkit R2\ClientTools;C:\Program Files (x86)\Sennheiser\SoftphoneSDK\;C:\Program Files\PuTTY\;C:\Program Files\nodejs\;C:\Program Files (x86)\Skype\Phone\;C:\Program Files\TortoiseGit\bin;C:\Program Files\Amazon\AWSCLI\bin\;C:\WINDOWS\system32;C:\WINDOWS;C:\WINDOWS\System32\Wbem;C:\WINDOWS\System32\WindowsPowerShell\v1.0\;C:\Program Files (x86)\Webex\Webex\Applications;C:\Users\stanie\AppData\Local\Seclore\FileSecure\FileSecure Lite;C:\Users\stanie\AppData\Local\Seclore\FileSecure\FileSecure Lite\x64;%USERPROFILE%\AppData\Local\Microsoft\WindowsApps;C:\Users\stanie\Downloads\phantomjs-2.1.1-windows\bin;C:\Users\stanie\AppData\Roaming\npm;C:\Users\stanie\AppData\Local\Continuum\anaconda3;C:\ProgramData\chocoportable\bin;C:\Users\stanie\Downloads\Chocolatey\bin;C:\Program Files\heroku\bin;C:\tools\git\bin;C:\Users\stanie\AppData\Local\.meteor\;C:\Users\stanie\Downloads\sonar-scanner-cli-3.2.0.1227-windows\sonar-scanner-3.2.0.1227-windows\bin;C:\Users\stanie\AppData\Local\Programs\Git\cmd;C:\Users\stanie\AppData\Local\Google\Cloud SDK\google-cloud-sdk\bin;C:\Users\stanie\AppData\Local\Continuum\anaconda3\lib\site-packages;;."/>
    <property name="java.vm.info" value="mixed mode"/>
    <property name="java.vendor" value="Oracle Corporation"/>
    <property name="java.vm.version" value="25.191-b12"/>
    <property name="java.ext.dirs" value="C:\Program Files\Java\jdk1.8.0_191\jre\lib\ext;C:\WINDOWS\Sun\Java\lib\ext"/>
    <property name="sun.io.unicode.encoding" value="UnicodeLittle"/>
    <property name="java.class.version" value="52.0"/>
  </properties>
  <testcase name="testProcessor" classname="org.shacl.validator.shacl_processor.MyProcessorTest" time="0.78"/>
</testsuite>